<?xml version="1.0" encoding="UTF-8"?>
<testsuite xmlns:xsi="http://www.w3.org/2001/XMLSchema-instance" xsi:noNamespaceSchemaLocation="https://maven.apache.org/surefire/maven-surefire-plugin/xsd/surefire-test-report-3.0.xsd" version="3.0" name="com.dypatil.bfhl.service.BfhlServiceImplTest" time="0.067" tests="17" errors="0" skipped="0" failures="0">
  <properties>
[...]
</properties>
  <testcase name="testExample1" classname="com.dypatil.bfhl.service.BfhlServiceImplTest" time="0.029">
    <system-out><![CDATA[2026-06-17T16:50:50.116+05:30  INFO 31592 --- [           main] c.dypatil.bfhl.service.BfhlServiceImpl   : Processed request REQ-1001: 6 elements, 0ms
]]></system-out>
  </testcase>
  <testcase name="testExample2" classname="com.dypatil.bfhl.service.BfhlServiceImplTest" time="0.002">
    <system-out><![CDATA[2026-06-17T16:50:50.122+05:30  INFO 31592 --- [           main] c.dypatil.bfhl.service.BfhlServiceImpl   : Processed request REQ-1002: 6 elements, 0ms
]]></system-out>
  </testcase>
  <testcase name="testExample3" classname="com.dypatil.bfhl.service.BfhlServiceImplTest" time="0.002">
    <system-out><![CDATA[2026-06-17T16:50:50.125+05:30  INFO 31592 --- [           main] c.dypatil.bfhl.service.BfhlServiceImpl   : Processed request REQ-1003: 8 elements, 0ms
]]></system-out>
  </testcase>
  <testcase name="testExample4" classname="com.dypatil.bfhl.service.BfhlServiceImplTest" time="0.002">
    <system-out><![CDATA[2026-06-17T16:50:50.127+05:30  INFO 31592 --- [           main] c.dypatil.bfhl.service.BfhlServiceImpl   : Processed request REQ-1004: 7 elements, 0ms
]]></system-out>
  </testcase>
  <testcase name="testExample5" classname="com.dypatil.bfhl.service.BfhlServiceImplTest" time="0.001">
    <system-out><![CDATA[2026-06-17T16:50:50.130+05:30  INFO 31592 --- [           main] c.dypatil.bfhl.service.BfhlServiceImpl   : Processed request REQ-1005: 13 elements, 0ms
]]></system-out>
  </testcase>
  <testcase name="testCategorizeNumber" classname="com.dypatil.bfhl.service.BfhlServiceImplTest" time="0.001"/>
  <testcase name="testNullData" classname="com.dypatil.bfhl.service.BfhlServiceImplTest" time="0.001">
    <system-out><![CDATA[2026-06-17T16:50:50.134+05:30  INFO 31592 --- [           main] c.dypatil.bfhl.service.BfhlServiceImpl   : Processed request REQ-NULL: 0 elements, 0ms
]]></system-out>
  </testcase>
  <testcase name="testProcessingTime" classname="com.dypatil.bfhl.service.BfhlServiceImplTest" time="0.002">
    <system-out><![CDATA[2026-06-17T16:50:50.136+05:30  INFO 31592 --- [           main] c.dypatil.bfhl.service.BfhlServiceImpl   : Processed request REQ-TIME: 3 elements, 0ms
]]></system-out>
  </testcase>
  <testcase name="testCategorizeAlphabetic" classname="com.dypatil.bfhl.service.BfhlServiceImplTest" time="0.001"/>
  <testcase name="testCategorizeAlphanumeric" classname="com.dypatil.bfhl.service.BfhlServiceImplTest" time="0.002"/>
  <testcase name="testEmptyData" classname="com.dypatil.bfhl.service.BfhlServiceImplTest" time="0.002">
    <system-out><![CDATA[2026-06-17T16:50:50.143+05:30  INFO 31592 --- [           main] c.dypatil.bfhl.service.BfhlServiceImpl   : Processed request REQ-EMPTY: 0 elements, 0ms
]]></system-out>
  </testcase>
  <testcase name="testSortedNumbers" classname="com.dypatil.bfhl.service.BfhlServiceImplTest" time="0.001">
    <system-out><![CDATA[2026-06-17T16:50:50.145+05:30  INFO 31592 --- [           main] c.dypatil.bfhl.service.BfhlServiceImpl   : Processed request REQ-SORT: 4 elements, 0ms
]]></system-out>
  </testcase>
  <testcase name="testLongestAndShortest" classname="com.dypatil.bfhl.service.BfhlServiceImplTest" time="0.002">
    <system-out><![CDATA[2026-06-17T16:50:50.146+05:30  INFO 31592 --- [           main] c.dypatil.bfhl.service.BfhlServiceImpl   : Processed request REQ-LEN: 3 elements, 0ms
]]></system-out>
  </testcase>
  <testcase name="testCategorizeSpecial" classname="com.dypatil.bfhl.service.BfhlServiceImplTest" time="0.001"/>
  <testcase name="testWhitespaceOnly" classname="com.dypatil.bfhl.service.BfhlServiceImplTest" time="0.003">
    <system-out><![CDATA[2026-06-17T16:50:50.151+05:30  INFO 31592 --- [           main] c.dypatil.bfhl.service.BfhlServiceImpl   : Processed request REQ-WS: 4 elements, 1ms
]]></system-out>
  </testcase>
  <testcase name="testAlphabetFrequency" classname="com.dypatil.bfhl.service.BfhlServiceImplTest" time="0.001">
    <system-out><![CDATA[2026-06-17T16:50:50.153+05:30  INFO 31592 --- [           main] c.dypatil.bfhl.service.BfhlServiceImpl   : Processed request REQ-FREQ: 4 elements, 0ms
]]></system-out>
  </testcase>
  <testcase name="testSummary" classname="com.dypatil.bfhl.service.BfhlServiceImplTest" time="0.002">
    <system-out><![CDATA[2026-06-17T16:50:50.155+05:30  INFO 31592 --- [           main] c.dypatil.bfhl.service.BfhlServiceImpl   : Processed request REQ-SUM: 5 elements, 0ms
]]></system-out>
  </testcase>
</testsuite>